Stopping swoole http server...
> success
Starting swoole http server...
Swoole http server started: <http://0.0.0.0:8324>
You can exit with `CTRL-C`
Stopping swoole http server...
> success
Starting swoole http server...
Swoole http server started: <http://0.0.0.0:8324>
You can exit with `CTRL-C`

   ██████  ███████   ████     ████ ████████ ██████         ████     ████ ████████ ███████  
  ██░░░░██░██░░░░██ ░██░██   ██░██░██░░░░░ ░█░░░░██       ░██░██   ██░██░██░░░░░ ░██░░░░██ 
 ██    ░░ ░██   ░██ ░██░░██ ██ ░██░██      ░█   ░██       ░██░░██ ██ ░██░██      ░██   ░██ 
░██       ░███████  ░██ ░░███  ░██░███████ ░██████   █████░██ ░░███  ░██░███████ ░███████  
░██       ░██░░░██  ░██  ░░█   ░██░██░░░░  ░█░░░░ ██░░░░░ ░██  ░░█   ░██░██░░░░  ░██░░░██  
░░██    ██░██  ░░██ ░██   ░    ░██░██      ░█    ░██      ░██   ░    ░██░██      ░██  ░░██ 
 ░░██████ ░██   ░░██░██        ░██░████████░███████       ░██        ░██░████████░██   ░░██
  ░░░░░░  ░░     ░░ ░░         ░░ ░░░░░░░░ ░░░░░░░        ░░         ░░ ░░░░░░░░ ░░     ░░ 
------------------------------------------------
[32mphp      version         |    [34m7.3.32[0m 
------------------------------------------------
[32mswoole   version         |    [34m4.8.12[0m 
------------------------------------------------
[32mswoole_loader version    |    [34m3.0.8[0m 
------------------------------------------------
[32mthinkphp version         |    [34m6.0.7[0m 
------------------------------------------------
[32mcrmeb    version         |    [34mCRMEB-MER-v2.1.0[0m 
------------------------------------------------
[32mhttp host                |    [34m0.0.0.0[0m 
------------------------------------------------
[32mhttp port                |    [34m8324[0m 
------------------------------------------------
[32mhttp worker_num          |    [34m16[0m 
------------------------------------------------
[32mwebsocket enable         |    [34mtrue[0m 
------------------------------------------------
[32mrpc enable               |    [34mfalse[0m 
------------------------------------------------
[32mqueue enable             |    [34mnull[0m 
------------------------------------------------
[32mhot_update enable        |    [34mtrue[0m 
------------------------------------------------
[32mapp_debug enable         |    [34mtrue[0m 
------------------------------------------------
[32mtime                     |    [34m2023-07-04 12:23:01[0m 
------------------------------------------------
